<?xml version="1.0" encoding="UTF-8"?>
<!-- Generated by org.testng.reporters.JUnitReportReporter -->
<testsuite hostname="EPINHYDW0C77" failures="0" tests="3" name="testCases.TC001_HomePageValidation" time="38.618" errors="0" timestamp="2021-11-23T18:32:00 IST" skipped="0">
  <testcase classname="testCases.TC001_HomePageValidation" name="verifySizesFilter" time="31.564"/>
  <system-out/>
  <testcase classname="testCases.TC001_HomePageValidation" name="verifyOrderBySorting" time="4.577"/>
  <system-out/>
  <testcase classname="testCases.TC001_HomePageValidation" name="addItemsInCart" time="2.477"/>
  <system-out/>
</testsuite> <!-- testCases.TC001_HomePageValidation -->
